[2024-11-20T15:19:57.352+0000] {manager.py:483} INFO - Processing files using up to 1 processes at a time 
[2024-11-20T15:19:57.352+0000] {manager.py:484} INFO - Process each file at most once every 30 seconds
[2024-11-20T15:19:57.353+0000] {manager.py:485} INFO - Checking for new files in /opt/airflow/dags every 300 seconds
[2024-11-20T15:19:57.355+0000] {manager.py:821} INFO - Searching for files in /opt/airflow/dags
[2024-11-20T15:19:57.355+0000] {manager.py:824} INFO - There are 0 files in /opt/airflow/dags
[2024-11-20T15:24:57.381+0000] {manager.py:821} INFO - Searching for files in /opt/airflow/dags
[2024-11-20T15:24:57.383+0000] {manager.py:824} INFO - There are 0 files in /opt/airflow/dags
[2024-11-20T15:29:57.449+0000] {manager.py:821} INFO - Searching for files in /opt/airflow/dags
[2024-11-20T15:29:57.455+0000] {manager.py:824} INFO - There are 0 files in /opt/airflow/dags
[2024-11-20T15:34:57.517+0000] {manager.py:821} INFO - Searching for files in /opt/airflow/dags
[2024-11-20T15:34:57.521+0000] {manager.py:824} INFO - There are 0 files in /opt/airflow/dags
[2024-11-20T15:39:57.582+0000] {manager.py:821} INFO - Searching for files in /opt/airflow/dags
[2024-11-20T15:39:57.591+0000] {manager.py:824} INFO - There are 1 files in /opt/airflow/dags
[2024-11-20T15:40:01.363+0000] {manager.py:997} INFO - 
================================================================================
DAG File Processing Stats

File Path                          PID    Runtime      # DAGs    # Errors  Last Runtime    Last Run               Last # of DB Queries
---------------------------------  -----  ---------  --------  ----------  --------------  -------------------  ----------------------
/opt/airflow/dags/welcome_dags.py                           1           0  0.32s           2024-11-20T15:39:57                      45
================================================================================
[2024-11-20T15:40:31.461+0000] {manager.py:997} INFO - 
================================================================================
DAG File Processing Stats

File Path                          PID    Runtime      # DAGs    # Errors  Last Runtime    Last Run               Last # of DB Queries
---------------------------------  -----  ---------  --------  ----------  --------------  -------------------  ----------------------
/opt/airflow/dags/welcome_dags.py                           1           0  0.11s           2024-11-20T15:40:28                      12
================================================================================
[2024-11-20T15:41:01.558+0000] {manager.py:997} INFO - 
================================================================================
DAG File Processing Stats

File Path                          PID    Runtime      # DAGs    # Errors  Last Runtime    Last Run               Last # of DB Queries
---------------------------------  -----  ---------  --------  ----------  --------------  -------------------  ----------------------
/opt/airflow/dags/welcome_dags.py                           1           0  0.11s           2024-11-20T15:40:59                      12
================================================================================
[2024-11-20T15:41:31.653+0000] {manager.py:997} INFO - 
================================================================================
DAG File Processing Stats

File Path                          PID    Runtime      # DAGs    # Errors  Last Runtime    Last Run               Last # of DB Queries
---------------------------------  -----  ---------  --------  ----------  --------------  -------------------  ----------------------
/opt/airflow/dags/welcome_dags.py                           1           0  0.11s           2024-11-20T15:41:29                      12
================================================================================
[2024-11-20T15:42:01.745+0000] {manager.py:997} INFO - 
================================================================================
DAG File Processing Stats

File Path                          PID    Runtime      # DAGs    # Errors  Last Runtime    Last Run               Last # of DB Queries
---------------------------------  -----  ---------  --------  ----------  --------------  -------------------  ----------------------
/opt/airflow/dags/welcome_dags.py                           1           0  0.11s           2024-11-20T15:42:00                      12
================================================================================
[2024-11-20T15:42:31.848+0000] {manager.py:997} INFO - 
================================================================================
DAG File Processing Stats

File Path                          PID    Runtime      # DAGs    # Errors  Last Runtime    Last Run               Last # of DB Queries
---------------------------------  -----  ---------  --------  ----------  --------------  -------------------  ----------------------
/opt/airflow/dags/welcome_dags.py                           1           0  0.12s           2024-11-20T15:42:31                      12
================================================================================
[2024-11-20T15:43:01.952+0000] {manager.py:997} INFO - 
================================================================================
DAG File Processing Stats

File Path                          PID    Runtime      # DAGs    # Errors  Last Runtime    Last Run               Last # of DB Queries
---------------------------------  -----  ---------  --------  ----------  --------------  -------------------  ----------------------
/opt/airflow/dags/welcome_dags.py                           1           0  0.11s           2024-11-20T15:43:01                      12
================================================================================
[2024-11-20T15:43:31.968+0000] {manager.py:997} INFO - 
================================================================================
DAG File Processing Stats

File Path                          PID    Runtime      # DAGs    # Errors  Last Runtime    Last Run               Last # of DB Queries
---------------------------------  -----  ---------  --------  ----------  --------------  -------------------  ----------------------
/opt/airflow/dags/welcome_dags.py                           1           0  0.11s           2024-11-20T15:43:31                      12
================================================================================
[2024-11-20T15:44:02.254+0000] {manager.py:997} INFO - 
================================================================================
DAG File Processing Stats

File Path                          PID    Runtime      # DAGs    # Errors  Last Runtime    Last Run               Last # of DB Queries
---------------------------------  -----  ---------  --------  ----------  --------------  -------------------  ----------------------
/opt/airflow/dags/welcome_dags.py                           1           0  0.11s           2024-11-20T15:44:02                      12
================================================================================
[2024-11-20T15:44:32.459+0000] {manager.py:997} INFO - 
================================================================================
DAG File Processing Stats

File Path                          PID    Runtime      # DAGs    # Errors  Last Runtime    Last Run               Last # of DB Queries
---------------------------------  -----  ---------  --------  ----------  --------------  -------------------  ----------------------
/opt/airflow/dags/welcome_dags.py                           1           0  0.11s           2024-11-20T15:44:32                      12
================================================================================
[2024-11-20T15:44:57.676+0000] {manager.py:821} INFO - Searching for files in /opt/airflow/dags
[2024-11-20T15:44:57.685+0000] {manager.py:824} INFO - There are 1 files in /opt/airflow/dags
[2024-11-20T15:45:02.659+0000] {manager.py:997} INFO - 
================================================================================
DAG File Processing Stats

File Path                          PID    Runtime      # DAGs    # Errors  Last Runtime    Last Run               Last # of DB Queries
---------------------------------  -----  ---------  --------  ----------  --------------  -------------------  ----------------------
/opt/airflow/dags/welcome_dags.py                           1           0  0.10s           2024-11-20T15:45:02                      12
================================================================================
[2024-11-20T15:45:32.857+0000] {manager.py:997} INFO - 
================================================================================
DAG File Processing Stats

File Path                          PID    Runtime      # DAGs    # Errors  Last Runtime    Last Run               Last # of DB Queries
---------------------------------  -----  ---------  --------  ----------  --------------  -------------------  ----------------------
/opt/airflow/dags/welcome_dags.py                           1           0  0.11s           2024-11-20T15:45:32                      12
================================================================================
[2024-11-20T15:46:03.058+0000] {manager.py:997} INFO - 
================================================================================
DAG File Processing Stats

File Path                          PID    Runtime      # DAGs    # Errors  Last Runtime    Last Run               Last # of DB Queries
---------------------------------  -----  ---------  --------  ----------  --------------  -------------------  ----------------------
/opt/airflow/dags/welcome_dags.py                           1           0  0.11s           2024-11-20T15:46:03                      12
================================================================================
[2024-11-20T15:46:33.254+0000] {manager.py:997} INFO - 
================================================================================
DAG File Processing Stats

File Path                          PID    Runtime      # DAGs    # Errors  Last Runtime    Last Run               Last # of DB Queries
---------------------------------  -----  ---------  --------  ----------  --------------  -------------------  ----------------------
/opt/airflow/dags/welcome_dags.py                           1           0  0.11s           2024-11-20T15:46:33                      12
================================================================================
[2024-11-20T15:47:03.319+0000] {manager.py:997} INFO - 
================================================================================
DAG File Processing Stats

File Path                          PID    Runtime      # DAGs    # Errors  Last Runtime    Last Run               Last # of DB Queries
---------------------------------  -----  ---------  --------  ----------  --------------  -------------------  ----------------------
/opt/airflow/dags/welcome_dags.py                           1           0  0.11s           2024-11-20T15:46:44                      12
================================================================================
[2024-11-20T15:47:33.410+0000] {manager.py:997} INFO - 
================================================================================
DAG File Processing Stats

File Path                          PID    Runtime      # DAGs    # Errors  Last Runtime    Last Run               Last # of DB Queries
---------------------------------  -----  ---------  --------  ----------  --------------  -------------------  ----------------------
/opt/airflow/dags/welcome_dags.py                           1           0  0.11s           2024-11-20T15:47:06                      12
================================================================================
[2024-11-20T15:48:03.521+0000] {manager.py:997} INFO - 
================================================================================
DAG File Processing Stats

File Path                          PID    Runtime      # DAGs    # Errors  Last Runtime    Last Run               Last # of DB Queries
---------------------------------  -----  ---------  --------  ----------  --------------  -------------------  ----------------------
/opt/airflow/dags/welcome_dags.py                           1           0  0.11s           2024-11-20T15:47:36                      12
================================================================================
[2024-11-20T15:48:33.611+0000] {manager.py:997} INFO - 
================================================================================
DAG File Processing Stats

File Path                          PID    Runtime      # DAGs    # Errors  Last Runtime    Last Run               Last # of DB Queries
---------------------------------  -----  ---------  --------  ----------  --------------  -------------------  ----------------------
/opt/airflow/dags/welcome_dags.py                           1           0  0.11s           2024-11-20T15:48:06                      12
================================================================================
[2024-11-20T15:49:03.713+0000] {manager.py:997} INFO - 
================================================================================
DAG File Processing Stats

File Path                          PID    Runtime      # DAGs    # Errors  Last Runtime    Last Run               Last # of DB Queries
---------------------------------  -----  ---------  --------  ----------  --------------  -------------------  ----------------------
/opt/airflow/dags/welcome_dags.py                           1           0  0.11s           2024-11-20T15:48:37                      12
================================================================================
[2024-11-20T15:49:33.796+0000] {manager.py:997} INFO - 
================================================================================
DAG File Processing Stats

File Path                          PID    Runtime      # DAGs    # Errors  Last Runtime    Last Run               Last # of DB Queries
---------------------------------  -----  ---------  --------  ----------  --------------  -------------------  ----------------------
/opt/airflow/dags/welcome_dags.py                           1           0  0.11s           2024-11-20T15:49:07                      12
================================================================================
[2024-11-20T15:49:58.011+0000] {manager.py:821} INFO - Searching for files in /opt/airflow/dags
[2024-11-20T15:49:58.017+0000] {manager.py:824} INFO - There are 1 files in /opt/airflow/dags
[2024-11-20T15:50:03.915+0000] {manager.py:997} INFO - 
================================================================================
DAG File Processing Stats

File Path                          PID    Runtime      # DAGs    # Errors  Last Runtime    Last Run               Last # of DB Queries
---------------------------------  -----  ---------  --------  ----------  --------------  -------------------  ----------------------
/opt/airflow/dags/welcome_dags.py                           1           0  0.11s           2024-11-20T15:49:37                      12
================================================================================
[2024-11-20T15:50:34.012+0000] {manager.py:997} INFO - 
================================================================================
DAG File Processing Stats

File Path                          PID    Runtime      # DAGs    # Errors  Last Runtime    Last Run               Last # of DB Queries
---------------------------------  -----  ---------  --------  ----------  --------------  -------------------  ----------------------
/opt/airflow/dags/welcome_dags.py                           1           0  0.11s           2024-11-20T15:50:08                      12
================================================================================
[2024-11-20T15:51:04.113+0000] {manager.py:997} INFO - 
================================================================================
DAG File Processing Stats

File Path                          PID    Runtime      # DAGs    # Errors  Last Runtime    Last Run               Last # of DB Queries
---------------------------------  -----  ---------  --------  ----------  --------------  -------------------  ----------------------
/opt/airflow/dags/welcome_dags.py                           1           0  0.11s           2024-11-20T15:50:38                      12
================================================================================
[2024-11-20T15:51:34.190+0000] {manager.py:997} INFO - 
================================================================================
DAG File Processing Stats

File Path                          PID    Runtime      # DAGs    # Errors  Last Runtime    Last Run               Last # of DB Queries
---------------------------------  -----  ---------  --------  ----------  --------------  -------------------  ----------------------
/opt/airflow/dags/welcome_dags.py                           1           0  0.11s           2024-11-20T15:51:08                      12
================================================================================
[2024-11-20T15:52:04.307+0000] {manager.py:997} INFO - 
================================================================================
DAG File Processing Stats

File Path                          PID    Runtime      # DAGs    # Errors  Last Runtime    Last Run               Last # of DB Queries
---------------------------------  -----  ---------  --------  ----------  --------------  -------------------  ----------------------
/opt/airflow/dags/welcome_dags.py                           1           0  0.11s           2024-11-20T15:51:39                      12
================================================================================
[2024-11-20T15:52:34.402+0000] {manager.py:997} INFO - 
================================================================================
DAG File Processing Stats

File Path                          PID    Runtime      # DAGs    # Errors  Last Runtime    Last Run               Last # of DB Queries
---------------------------------  -----  ---------  --------  ----------  --------------  -------------------  ----------------------
/opt/airflow/dags/welcome_dags.py                           1           0  0.11s           2024-11-20T15:52:09                      12
================================================================================
[2024-11-20T15:53:04.500+0000] {manager.py:997} INFO - 
================================================================================
DAG File Processing Stats

File Path                          PID    Runtime      # DAGs    # Errors  Last Runtime    Last Run               Last # of DB Queries
---------------------------------  -----  ---------  --------  ----------  --------------  -------------------  ----------------------
/opt/airflow/dags/welcome_dags.py                           1           0  0.10s           2024-11-20T15:52:39                      12
================================================================================
[2024-11-20T15:53:34.590+0000] {manager.py:997} INFO - 
================================================================================
DAG File Processing Stats

File Path                          PID    Runtime      # DAGs    # Errors  Last Runtime    Last Run               Last # of DB Queries
---------------------------------  -----  ---------  --------  ----------  --------------  -------------------  ----------------------
/opt/airflow/dags/welcome_dags.py                           1           0  0.11s           2024-11-20T15:53:10                      12
================================================================================
[2024-11-20T15:54:04.694+0000] {manager.py:997} INFO - 
================================================================================
DAG File Processing Stats

File Path                          PID    Runtime      # DAGs    # Errors  Last Runtime    Last Run               Last # of DB Queries
---------------------------------  -----  ---------  --------  ----------  --------------  -------------------  ----------------------
/opt/airflow/dags/welcome_dags.py                           1           0  0.11s           2024-11-20T15:53:40                      12
================================================================================
[2024-11-20T15:54:34.782+0000] {manager.py:997} INFO - 
================================================================================
DAG File Processing Stats

File Path                          PID    Runtime      # DAGs    # Errors  Last Runtime    Last Run               Last # of DB Queries
---------------------------------  -----  ---------  --------  ----------  --------------  -------------------  ----------------------
/opt/airflow/dags/welcome_dags.py                           1           0  0.11s           2024-11-20T15:54:10                      12
================================================================================
[2024-11-20T15:54:58.080+0000] {manager.py:821} INFO - Searching for files in /opt/airflow/dags
[2024-11-20T15:54:58.085+0000] {manager.py:824} INFO - There are 1 files in /opt/airflow/dags
[2024-11-20T15:55:04.883+0000] {manager.py:997} INFO - 
================================================================================
DAG File Processing Stats

File Path                          PID    Runtime      # DAGs    # Errors  Last Runtime    Last Run               Last # of DB Queries
---------------------------------  -----  ---------  --------  ----------  --------------  -------------------  ----------------------
/opt/airflow/dags/welcome_dags.py                           1           0  0.11s           2024-11-20T15:54:40                      12
================================================================================
[2024-11-20T15:55:34.969+0000] {manager.py:997} INFO - 
================================================================================
DAG File Processing Stats

File Path                          PID    Runtime      # DAGs    # Errors  Last Runtime    Last Run               Last # of DB Queries
---------------------------------  -----  ---------  --------  ----------  --------------  -------------------  ----------------------
/opt/airflow/dags/welcome_dags.py                           1           0  0.11s           2024-11-20T15:55:11                      12
================================================================================
[2024-11-20T15:56:05.072+0000] {manager.py:997} INFO - 
================================================================================
DAG File Processing Stats

File Path                          PID    Runtime      # DAGs    # Errors  Last Runtime    Last Run               Last # of DB Queries
---------------------------------  -----  ---------  --------  ----------  --------------  -------------------  ----------------------
/opt/airflow/dags/welcome_dags.py                           1           0  0.11s           2024-11-20T15:55:58                      12
================================================================================
[2024-11-20T15:56:35.183+0000] {manager.py:997} INFO - 
================================================================================
DAG File Processing Stats

File Path                          PID    Runtime      # DAGs    # Errors  Last Runtime    Last Run               Last # of DB Queries
---------------------------------  -----  ---------  --------  ----------  --------------  -------------------  ----------------------
/opt/airflow/dags/welcome_dags.py                           1           0  0.11s           2024-11-20T15:56:28                      12
================================================================================
[2024-11-20T15:57:05.280+0000] {manager.py:997} INFO - 
================================================================================
DAG File Processing Stats

File Path                          PID    Runtime      # DAGs    # Errors  Last Runtime    Last Run               Last # of DB Queries
---------------------------------  -----  ---------  --------  ----------  --------------  -------------------  ----------------------
/opt/airflow/dags/welcome_dags.py                           1           0  0.11s           2024-11-20T15:56:58                      12
================================================================================
[2024-11-20T15:57:35.363+0000] {manager.py:997} INFO - 
================================================================================
DAG File Processing Stats

File Path                          PID    Runtime      # DAGs    # Errors  Last Runtime    Last Run               Last # of DB Queries
---------------------------------  -----  ---------  --------  ----------  --------------  -------------------  ----------------------
/opt/airflow/dags/welcome_dags.py                           1           0  0.11s           2024-11-20T15:57:29                      12
================================================================================
