[2024-11-20T15:39:57.642+0000] {processor.py:186} INFO - Started process (PID=88) to work on /opt/airflow/dags/welcome_dags.py
[2024-11-20T15:39:57.642+0000] {processor.py:914} INFO - Processing file /opt/airflow/dags/welcome_dags.py for tasks to queue
[2024-11-20T15:39:57.644+0000] {logging_mixin.py:190} INFO - [2024-11-20T15:39:57.644+0000] {dagbag.py:588} INFO - Filling up the DagBag from /opt/airflow/dags/welcome_dags.py
[2024-11-20T15:39:57.657+0000] {processor.py:925} INFO - DAG(s) 'welcome_dag' retrieved from /opt/airflow/dags/welcome_dags.py
[2024-11-20T15:39:57.720+0000] {logging_mixin.py:190} INFO - [2024-11-20T15:39:57.720+0000] {override.py:1911} INFO - Created Permission View: can read on DAG:welcome_dag
[2024-11-20T15:39:57.725+0000] {logging_mixin.py:190} INFO - [2024-11-20T15:39:57.724+0000] {override.py:1911} INFO - Created Permission View: can delete on DAG:welcome_dag
[2024-11-20T15:39:57.729+0000] {logging_mixin.py:190} INFO - [2024-11-20T15:39:57.728+0000] {override.py:1911} INFO - Created Permission View: can edit on DAG:welcome_dag
[2024-11-20T15:39:57.733+0000] {logging_mixin.py:190} INFO - [2024-11-20T15:39:57.733+0000] {override.py:1911} INFO - Created Permission View: can read on DAG Run:welcome_dag
[2024-11-20T15:39:57.737+0000] {logging_mixin.py:190} INFO - [2024-11-20T15:39:57.737+0000] {override.py:1911} INFO - Created Permission View: can create on DAG Run:welcome_dag
[2024-11-20T15:39:57.740+0000] {logging_mixin.py:190} INFO - [2024-11-20T15:39:57.740+0000] {override.py:1911} INFO - Created Permission View: menu access on DAG Run:welcome_dag
[2024-11-20T15:39:57.743+0000] {logging_mixin.py:190} INFO - [2024-11-20T15:39:57.743+0000] {override.py:1911} INFO - Created Permission View: can delete on DAG Run:welcome_dag
[2024-11-20T15:39:57.743+0000] {logging_mixin.py:190} INFO - [2024-11-20T15:39:57.743+0000] {dag.py:3239} INFO - Sync 1 DAGs
[2024-11-20T15:39:57.849+0000] {logging_mixin.py:190} INFO - [2024-11-20T15:39:57.849+0000] {dag.py:3262} INFO - Creating ORM DAG for welcome_dag
[2024-11-20T15:39:57.853+0000] {logging_mixin.py:190} INFO - [2024-11-20T15:39:57.853+0000] {dag.py:4180} INFO - Setting next_dagrun for welcome_dag to 2024-11-19 23:00:00+00:00, run_after=2024-11-20 23:00:00+00:00
[2024-11-20T15:39:57.861+0000] {processor.py:208} INFO - Processing /opt/airflow/dags/welcome_dags.py took 0.223 seconds
[2024-11-20T15:40:28.825+0000] {processor.py:186} INFO - Started process (PID=89) to work on /opt/airflow/dags/welcome_dags.py
[2024-11-20T15:40:28.826+0000] {processor.py:914} INFO - Processing file /opt/airflow/dags/welcome_dags.py for tasks to queue
[2024-11-20T15:40:28.828+0000] {logging_mixin.py:190} INFO - [2024-11-20T15:40:28.828+0000] {dagbag.py:588} INFO - Filling up the DagBag from /opt/airflow/dags/welcome_dags.py
[2024-11-20T15:40:28.837+0000] {processor.py:925} INFO - DAG(s) 'welcome_dag' retrieved from /opt/airflow/dags/welcome_dags.py
[2024-11-20T15:40:28.851+0000] {logging_mixin.py:190} INFO - [2024-11-20T15:40:28.851+0000] {dag.py:3239} INFO - Sync 1 DAGs
[2024-11-20T15:40:28.860+0000] {logging_mixin.py:190} INFO - [2024-11-20T15:40:28.860+0000] {dag.py:4180} INFO - Setting next_dagrun for welcome_dag to 2024-11-19 23:00:00+00:00, run_after=2024-11-20 23:00:00+00:00
[2024-11-20T15:40:28.871+0000] {processor.py:208} INFO - Processing /opt/airflow/dags/welcome_dags.py took 0.050 seconds
[2024-11-20T15:40:59.201+0000] {processor.py:186} INFO - Started process (PID=90) to work on /opt/airflow/dags/welcome_dags.py
[2024-11-20T15:40:59.202+0000] {processor.py:914} INFO - Processing file /opt/airflow/dags/welcome_dags.py for tasks to queue
[2024-11-20T15:40:59.204+0000] {logging_mixin.py:190} INFO - [2024-11-20T15:40:59.204+0000] {dagbag.py:588} INFO - Filling up the DagBag from /opt/airflow/dags/welcome_dags.py
[2024-11-20T15:40:59.214+0000] {processor.py:925} INFO - DAG(s) 'welcome_dag' retrieved from /opt/airflow/dags/welcome_dags.py
[2024-11-20T15:40:59.233+0000] {logging_mixin.py:190} INFO - [2024-11-20T15:40:59.232+0000] {dag.py:3239} INFO - Sync 1 DAGs
[2024-11-20T15:40:59.241+0000] {logging_mixin.py:190} INFO - [2024-11-20T15:40:59.241+0000] {dag.py:4180} INFO - Setting next_dagrun for welcome_dag to 2024-11-19 23:00:00+00:00, run_after=2024-11-20 23:00:00+00:00
[2024-11-20T15:40:59.252+0000] {processor.py:208} INFO - Processing /opt/airflow/dags/welcome_dags.py took 0.056 seconds
[2024-11-20T15:41:29.538+0000] {processor.py:186} INFO - Started process (PID=91) to work on /opt/airflow/dags/welcome_dags.py
[2024-11-20T15:41:29.538+0000] {processor.py:914} INFO - Processing file /opt/airflow/dags/welcome_dags.py for tasks to queue
[2024-11-20T15:41:29.540+0000] {logging_mixin.py:190} INFO - [2024-11-20T15:41:29.540+0000] {dagbag.py:588} INFO - Filling up the DagBag from /opt/airflow/dags/welcome_dags.py
[2024-11-20T15:41:29.550+0000] {processor.py:925} INFO - DAG(s) 'welcome_dag' retrieved from /opt/airflow/dags/welcome_dags.py
[2024-11-20T15:41:29.563+0000] {logging_mixin.py:190} INFO - [2024-11-20T15:41:29.563+0000] {dag.py:3239} INFO - Sync 1 DAGs
[2024-11-20T15:41:29.572+0000] {logging_mixin.py:190} INFO - [2024-11-20T15:41:29.572+0000] {dag.py:4180} INFO - Setting next_dagrun for welcome_dag to 2024-11-19 23:00:00+00:00, run_after=2024-11-20 23:00:00+00:00
[2024-11-20T15:41:29.582+0000] {processor.py:208} INFO - Processing /opt/airflow/dags/welcome_dags.py took 0.049 seconds
[2024-11-20T15:42:00.297+0000] {processor.py:186} INFO - Started process (PID=92) to work on /opt/airflow/dags/welcome_dags.py
[2024-11-20T15:42:00.298+0000] {processor.py:914} INFO - Processing file /opt/airflow/dags/welcome_dags.py for tasks to queue
[2024-11-20T15:42:00.300+0000] {logging_mixin.py:190} INFO - [2024-11-20T15:42:00.299+0000] {dagbag.py:588} INFO - Filling up the DagBag from /opt/airflow/dags/welcome_dags.py
[2024-11-20T15:42:00.309+0000] {processor.py:925} INFO - DAG(s) 'welcome_dag' retrieved from /opt/airflow/dags/welcome_dags.py
[2024-11-20T15:42:00.322+0000] {logging_mixin.py:190} INFO - [2024-11-20T15:42:00.322+0000] {dag.py:3239} INFO - Sync 1 DAGs
[2024-11-20T15:42:00.331+0000] {logging_mixin.py:190} INFO - [2024-11-20T15:42:00.331+0000] {dag.py:4180} INFO - Setting next_dagrun for welcome_dag to 2024-11-19 23:00:00+00:00, run_after=2024-11-20 23:00:00+00:00
[2024-11-20T15:42:00.341+0000] {processor.py:208} INFO - Processing /opt/airflow/dags/welcome_dags.py took 0.049 seconds
[2024-11-20T15:42:31.218+0000] {processor.py:186} INFO - Started process (PID=93) to work on /opt/airflow/dags/welcome_dags.py
[2024-11-20T15:42:31.219+0000] {processor.py:914} INFO - Processing file /opt/airflow/dags/welcome_dags.py for tasks to queue
[2024-11-20T15:42:31.224+0000] {logging_mixin.py:190} INFO - [2024-11-20T15:42:31.224+0000] {dagbag.py:588} INFO - Filling up the DagBag from /opt/airflow/dags/welcome_dags.py
[2024-11-20T15:42:31.243+0000] {processor.py:925} INFO - DAG(s) 'welcome_dag' retrieved from /opt/airflow/dags/welcome_dags.py
[2024-11-20T15:42:31.260+0000] {logging_mixin.py:190} INFO - [2024-11-20T15:42:31.259+0000] {dag.py:3239} INFO - Sync 1 DAGs
[2024-11-20T15:42:31.271+0000] {logging_mixin.py:190} INFO - [2024-11-20T15:42:31.271+0000] {dag.py:4180} INFO - Setting next_dagrun for welcome_dag to 2024-11-19 23:00:00+00:00, run_after=2024-11-20 23:00:00+00:00
[2024-11-20T15:42:31.280+0000] {processor.py:208} INFO - Processing /opt/airflow/dags/welcome_dags.py took 0.072 seconds
[2024-11-20T15:43:01.376+0000] {processor.py:186} INFO - Started process (PID=94) to work on /opt/airflow/dags/welcome_dags.py
[2024-11-20T15:43:01.377+0000] {processor.py:914} INFO - Processing file /opt/airflow/dags/welcome_dags.py for tasks to queue
[2024-11-20T15:43:01.378+0000] {logging_mixin.py:190} INFO - [2024-11-20T15:43:01.378+0000] {dagbag.py:588} INFO - Filling up the DagBag from /opt/airflow/dags/welcome_dags.py
[2024-11-20T15:43:01.386+0000] {processor.py:925} INFO - DAG(s) 'welcome_dag' retrieved from /opt/airflow/dags/welcome_dags.py
[2024-11-20T15:43:01.397+0000] {logging_mixin.py:190} INFO - [2024-11-20T15:43:01.397+0000] {dag.py:3239} INFO - Sync 1 DAGs
[2024-11-20T15:43:01.406+0000] {logging_mixin.py:190} INFO - [2024-11-20T15:43:01.406+0000] {dag.py:4180} INFO - Setting next_dagrun for welcome_dag to 2024-11-19 23:00:00+00:00, run_after=2024-11-20 23:00:00+00:00
[2024-11-20T15:43:01.416+0000] {processor.py:208} INFO - Processing /opt/airflow/dags/welcome_dags.py took 0.044 seconds
[2024-11-20T15:43:31.872+0000] {processor.py:186} INFO - Started process (PID=95) to work on /opt/airflow/dags/welcome_dags.py
[2024-11-20T15:43:31.873+0000] {processor.py:914} INFO - Processing file /opt/airflow/dags/welcome_dags.py for tasks to queue
[2024-11-20T15:43:31.875+0000] {logging_mixin.py:190} INFO - [2024-11-20T15:43:31.875+0000] {dagbag.py:588} INFO - Filling up the DagBag from /opt/airflow/dags/welcome_dags.py
[2024-11-20T15:43:31.884+0000] {processor.py:925} INFO - DAG(s) 'welcome_dag' retrieved from /opt/airflow/dags/welcome_dags.py
[2024-11-20T15:43:31.899+0000] {logging_mixin.py:190} INFO - [2024-11-20T15:43:31.898+0000] {dag.py:3239} INFO - Sync 1 DAGs
[2024-11-20T15:43:31.908+0000] {logging_mixin.py:190} INFO - [2024-11-20T15:43:31.908+0000] {dag.py:4180} INFO - Setting next_dagrun for welcome_dag to 2024-11-19 23:00:00+00:00, run_after=2024-11-20 23:00:00+00:00
[2024-11-20T15:43:31.919+0000] {processor.py:208} INFO - Processing /opt/airflow/dags/welcome_dags.py took 0.052 seconds
[2024-11-20T15:44:02.172+0000] {processor.py:186} INFO - Started process (PID=96) to work on /opt/airflow/dags/welcome_dags.py
[2024-11-20T15:44:02.173+0000] {processor.py:914} INFO - Processing file /opt/airflow/dags/welcome_dags.py for tasks to queue
[2024-11-20T15:44:02.177+0000] {logging_mixin.py:190} INFO - [2024-11-20T15:44:02.176+0000] {dagbag.py:588} INFO - Filling up the DagBag from /opt/airflow/dags/welcome_dags.py
[2024-11-20T15:44:02.197+0000] {processor.py:925} INFO - DAG(s) 'welcome_dag' retrieved from /opt/airflow/dags/welcome_dags.py
[2024-11-20T15:44:02.214+0000] {logging_mixin.py:190} INFO - [2024-11-20T15:44:02.213+0000] {dag.py:3239} INFO - Sync 1 DAGs
[2024-11-20T15:44:02.227+0000] {logging_mixin.py:190} INFO - [2024-11-20T15:44:02.227+0000] {dag.py:4180} INFO - Setting next_dagrun for welcome_dag to 2024-11-19 23:00:00+00:00, run_after=2024-11-20 23:00:00+00:00
[2024-11-20T15:44:02.236+0000] {processor.py:208} INFO - Processing /opt/airflow/dags/welcome_dags.py took 0.078 seconds
[2024-11-20T15:44:32.362+0000] {processor.py:186} INFO - Started process (PID=97) to work on /opt/airflow/dags/welcome_dags.py
[2024-11-20T15:44:32.363+0000] {processor.py:914} INFO - Processing file /opt/airflow/dags/welcome_dags.py for tasks to queue
[2024-11-20T15:44:32.365+0000] {logging_mixin.py:190} INFO - [2024-11-20T15:44:32.365+0000] {dagbag.py:588} INFO - Filling up the DagBag from /opt/airflow/dags/welcome_dags.py
[2024-11-20T15:44:32.374+0000] {processor.py:925} INFO - DAG(s) 'welcome_dag' retrieved from /opt/airflow/dags/welcome_dags.py
[2024-11-20T15:44:32.388+0000] {logging_mixin.py:190} INFO - [2024-11-20T15:44:32.387+0000] {dag.py:3239} INFO - Sync 1 DAGs
[2024-11-20T15:44:32.398+0000] {logging_mixin.py:190} INFO - [2024-11-20T15:44:32.398+0000] {dag.py:4180} INFO - Setting next_dagrun for welcome_dag to 2024-11-19 23:00:00+00:00, run_after=2024-11-20 23:00:00+00:00
[2024-11-20T15:44:32.408+0000] {processor.py:208} INFO - Processing /opt/airflow/dags/welcome_dags.py took 0.051 seconds
[2024-11-20T15:45:02.569+0000] {processor.py:186} INFO - Started process (PID=98) to work on /opt/airflow/dags/welcome_dags.py
[2024-11-20T15:45:02.570+0000] {processor.py:914} INFO - Processing file /opt/airflow/dags/welcome_dags.py for tasks to queue
[2024-11-20T15:45:02.573+0000] {logging_mixin.py:190} INFO - [2024-11-20T15:45:02.572+0000] {dagbag.py:588} INFO - Filling up the DagBag from /opt/airflow/dags/welcome_dags.py
[2024-11-20T15:45:02.581+0000] {processor.py:925} INFO - DAG(s) 'welcome_dag' retrieved from /opt/airflow/dags/welcome_dags.py
[2024-11-20T15:45:02.592+0000] {logging_mixin.py:190} INFO - [2024-11-20T15:45:02.592+0000] {dag.py:3239} INFO - Sync 1 DAGs
[2024-11-20T15:45:02.602+0000] {logging_mixin.py:190} INFO - [2024-11-20T15:45:02.602+0000] {dag.py:4180} INFO - Setting next_dagrun for welcome_dag to 2024-11-19 23:00:00+00:00, run_after=2024-11-20 23:00:00+00:00
[2024-11-20T15:45:02.611+0000] {processor.py:208} INFO - Processing /opt/airflow/dags/welcome_dags.py took 0.049 seconds
[2024-11-20T15:45:32.771+0000] {processor.py:186} INFO - Started process (PID=99) to work on /opt/airflow/dags/welcome_dags.py
[2024-11-20T15:45:32.772+0000] {processor.py:914} INFO - Processing file /opt/airflow/dags/welcome_dags.py for tasks to queue
[2024-11-20T15:45:32.774+0000] {logging_mixin.py:190} INFO - [2024-11-20T15:45:32.773+0000] {dagbag.py:588} INFO - Filling up the DagBag from /opt/airflow/dags/welcome_dags.py
[2024-11-20T15:45:32.782+0000] {processor.py:925} INFO - DAG(s) 'welcome_dag' retrieved from /opt/airflow/dags/welcome_dags.py
[2024-11-20T15:45:32.795+0000] {logging_mixin.py:190} INFO - [2024-11-20T15:45:32.795+0000] {dag.py:3239} INFO - Sync 1 DAGs
[2024-11-20T15:45:32.804+0000] {logging_mixin.py:190} INFO - [2024-11-20T15:45:32.804+0000] {dag.py:4180} INFO - Setting next_dagrun for welcome_dag to 2024-11-19 23:00:00+00:00, run_after=2024-11-20 23:00:00+00:00
[2024-11-20T15:45:32.814+0000] {processor.py:208} INFO - Processing /opt/airflow/dags/welcome_dags.py took 0.053 seconds
[2024-11-20T15:46:02.969+0000] {processor.py:186} INFO - Started process (PID=100) to work on /opt/airflow/dags/welcome_dags.py
[2024-11-20T15:46:02.970+0000] {processor.py:914} INFO - Processing file /opt/airflow/dags/welcome_dags.py for tasks to queue
[2024-11-20T15:46:02.972+0000] {logging_mixin.py:190} INFO - [2024-11-20T15:46:02.971+0000] {dagbag.py:588} INFO - Filling up the DagBag from /opt/airflow/dags/welcome_dags.py
[2024-11-20T15:46:02.980+0000] {processor.py:925} INFO - DAG(s) 'welcome_dag' retrieved from /opt/airflow/dags/welcome_dags.py
[2024-11-20T15:46:02.992+0000] {logging_mixin.py:190} INFO - [2024-11-20T15:46:02.992+0000] {dag.py:3239} INFO - Sync 1 DAGs
[2024-11-20T15:46:03.001+0000] {logging_mixin.py:190} INFO - [2024-11-20T15:46:03.001+0000] {dag.py:4180} INFO - Setting next_dagrun for welcome_dag to 2024-11-19 23:00:00+00:00, run_after=2024-11-20 23:00:00+00:00
[2024-11-20T15:46:03.014+0000] {processor.py:208} INFO - Processing /opt/airflow/dags/welcome_dags.py took 0.053 seconds
[2024-11-20T15:46:33.161+0000] {processor.py:186} INFO - Started process (PID=101) to work on /opt/airflow/dags/welcome_dags.py
[2024-11-20T15:46:33.162+0000] {processor.py:914} INFO - Processing file /opt/airflow/dags/welcome_dags.py for tasks to queue
[2024-11-20T15:46:33.165+0000] {logging_mixin.py:190} INFO - [2024-11-20T15:46:33.164+0000] {dagbag.py:588} INFO - Filling up the DagBag from /opt/airflow/dags/welcome_dags.py
[2024-11-20T15:46:33.179+0000] {processor.py:925} INFO - DAG(s) 'welcome_dag' retrieved from /opt/airflow/dags/welcome_dags.py
[2024-11-20T15:46:33.194+0000] {logging_mixin.py:190} INFO - [2024-11-20T15:46:33.194+0000] {dag.py:3239} INFO - Sync 1 DAGs
[2024-11-20T15:46:33.211+0000] {logging_mixin.py:190} INFO - [2024-11-20T15:46:33.211+0000] {dag.py:4180} INFO - Setting next_dagrun for welcome_dag to 2024-11-19 23:00:00+00:00, run_after=2024-11-20 23:00:00+00:00
[2024-11-20T15:46:33.222+0000] {processor.py:208} INFO - Processing /opt/airflow/dags/welcome_dags.py took 0.069 seconds
[2024-11-20T15:46:44.004+0000] {processor.py:186} INFO - Started process (PID=102) to work on /opt/airflow/dags/welcome_dags.py
[2024-11-20T15:46:44.005+0000] {processor.py:914} INFO - Processing file /opt/airflow/dags/welcome_dags.py for tasks to queue
[2024-11-20T15:46:44.008+0000] {logging_mixin.py:190} INFO - [2024-11-20T15:46:44.007+0000] {dagbag.py:588} INFO - Filling up the DagBag from /opt/airflow/dags/welcome_dags.py
[2024-11-20T15:46:44.020+0000] {processor.py:925} INFO - DAG(s) 'welcome_dag' retrieved from /opt/airflow/dags/welcome_dags.py
[2024-11-20T15:46:44.035+0000] {logging_mixin.py:190} INFO - [2024-11-20T15:46:44.035+0000] {dag.py:3239} INFO - Sync 1 DAGs
[2024-11-20T15:46:44.045+0000] {logging_mixin.py:190} INFO - [2024-11-20T15:46:44.045+0000] {dag.py:4180} INFO - Setting next_dagrun for welcome_dag to 2024-11-19 23:00:00+00:00, run_after=2024-11-20 23:00:00+00:00
[2024-11-20T15:46:44.057+0000] {processor.py:208} INFO - Processing /opt/airflow/dags/welcome_dags.py took 0.059 seconds
[2024-11-20T15:47:06.245+0000] {processor.py:186} INFO - Started process (PID=103) to work on /opt/airflow/dags/welcome_dags.py
[2024-11-20T15:47:06.246+0000] {processor.py:914} INFO - Processing file /opt/airflow/dags/welcome_dags.py for tasks to queue
[2024-11-20T15:47:06.248+0000] {logging_mixin.py:190} INFO - [2024-11-20T15:47:06.248+0000] {dagbag.py:588} INFO - Filling up the DagBag from /opt/airflow/dags/welcome_dags.py
[2024-11-20T15:47:06.258+0000] {processor.py:925} INFO - DAG(s) 'welcome_dag' retrieved from /opt/airflow/dags/welcome_dags.py
[2024-11-20T15:47:06.270+0000] {logging_mixin.py:190} INFO - [2024-11-20T15:47:06.270+0000] {dag.py:3239} INFO - Sync 1 DAGs
[2024-11-20T15:47:06.279+0000] {logging_mixin.py:190} INFO - [2024-11-20T15:47:06.279+0000] {dag.py:4180} INFO - Setting next_dagrun for welcome_dag to 2024-11-19 23:00:00+00:00, run_after=2024-11-20 23:00:00+00:00
[2024-11-20T15:47:06.288+0000] {processor.py:208} INFO - Processing /opt/airflow/dags/welcome_dags.py took 0.051 seconds
[2024-11-20T15:47:36.476+0000] {processor.py:186} INFO - Started process (PID=104) to work on /opt/airflow/dags/welcome_dags.py
[2024-11-20T15:47:36.477+0000] {processor.py:914} INFO - Processing file /opt/airflow/dags/welcome_dags.py for tasks to queue
[2024-11-20T15:47:36.479+0000] {logging_mixin.py:190} INFO - [2024-11-20T15:47:36.479+0000] {dagbag.py:588} INFO - Filling up the DagBag from /opt/airflow/dags/welcome_dags.py
[2024-11-20T15:47:36.487+0000] {processor.py:925} INFO - DAG(s) 'welcome_dag' retrieved from /opt/airflow/dags/welcome_dags.py
[2024-11-20T15:47:36.500+0000] {logging_mixin.py:190} INFO - [2024-11-20T15:47:36.500+0000] {dag.py:3239} INFO - Sync 1 DAGs
[2024-11-20T15:47:36.509+0000] {logging_mixin.py:190} INFO - [2024-11-20T15:47:36.509+0000] {dag.py:4180} INFO - Setting next_dagrun for welcome_dag to 2024-11-19 23:00:00+00:00, run_after=2024-11-20 23:00:00+00:00
[2024-11-20T15:47:36.522+0000] {processor.py:208} INFO - Processing /opt/airflow/dags/welcome_dags.py took 0.054 seconds
[2024-11-20T15:48:06.802+0000] {processor.py:186} INFO - Started process (PID=105) to work on /opt/airflow/dags/welcome_dags.py
[2024-11-20T15:48:06.803+0000] {processor.py:914} INFO - Processing file /opt/airflow/dags/welcome_dags.py for tasks to queue
[2024-11-20T15:48:06.805+0000] {logging_mixin.py:190} INFO - [2024-11-20T15:48:06.805+0000] {dagbag.py:588} INFO - Filling up the DagBag from /opt/airflow/dags/welcome_dags.py
[2024-11-20T15:48:06.814+0000] {processor.py:925} INFO - DAG(s) 'welcome_dag' retrieved from /opt/airflow/dags/welcome_dags.py
[2024-11-20T15:48:06.827+0000] {logging_mixin.py:190} INFO - [2024-11-20T15:48:06.827+0000] {dag.py:3239} INFO - Sync 1 DAGs
[2024-11-20T15:48:06.837+0000] {logging_mixin.py:190} INFO - [2024-11-20T15:48:06.837+0000] {dag.py:4180} INFO - Setting next_dagrun for welcome_dag to 2024-11-19 23:00:00+00:00, run_after=2024-11-20 23:00:00+00:00
[2024-11-20T15:48:06.847+0000] {processor.py:208} INFO - Processing /opt/airflow/dags/welcome_dags.py took 0.051 seconds
[2024-11-20T15:48:37.147+0000] {processor.py:186} INFO - Started process (PID=106) to work on /opt/airflow/dags/welcome_dags.py
[2024-11-20T15:48:37.148+0000] {processor.py:914} INFO - Processing file /opt/airflow/dags/welcome_dags.py for tasks to queue
[2024-11-20T15:48:37.150+0000] {logging_mixin.py:190} INFO - [2024-11-20T15:48:37.150+0000] {dagbag.py:588} INFO - Filling up the DagBag from /opt/airflow/dags/welcome_dags.py
[2024-11-20T15:48:37.160+0000] {processor.py:925} INFO - DAG(s) 'welcome_dag' retrieved from /opt/airflow/dags/welcome_dags.py
[2024-11-20T15:48:37.174+0000] {logging_mixin.py:190} INFO - [2024-11-20T15:48:37.173+0000] {dag.py:3239} INFO - Sync 1 DAGs
[2024-11-20T15:48:37.183+0000] {logging_mixin.py:190} INFO - [2024-11-20T15:48:37.183+0000] {dag.py:4180} INFO - Setting next_dagrun for welcome_dag to 2024-11-19 23:00:00+00:00, run_after=2024-11-20 23:00:00+00:00
[2024-11-20T15:48:37.194+0000] {processor.py:208} INFO - Processing /opt/airflow/dags/welcome_dags.py took 0.055 seconds
[2024-11-20T15:49:07.504+0000] {processor.py:186} INFO - Started process (PID=107) to work on /opt/airflow/dags/welcome_dags.py
[2024-11-20T15:49:07.506+0000] {processor.py:914} INFO - Processing file /opt/airflow/dags/welcome_dags.py for tasks to queue
[2024-11-20T15:49:07.508+0000] {logging_mixin.py:190} INFO - [2024-11-20T15:49:07.508+0000] {dagbag.py:588} INFO - Filling up the DagBag from /opt/airflow/dags/welcome_dags.py
[2024-11-20T15:49:07.517+0000] {processor.py:925} INFO - DAG(s) 'welcome_dag' retrieved from /opt/airflow/dags/welcome_dags.py
[2024-11-20T15:49:07.529+0000] {logging_mixin.py:190} INFO - [2024-11-20T15:49:07.529+0000] {dag.py:3239} INFO - Sync 1 DAGs
[2024-11-20T15:49:07.538+0000] {logging_mixin.py:190} INFO - [2024-11-20T15:49:07.538+0000] {dag.py:4180} INFO - Setting next_dagrun for welcome_dag to 2024-11-19 23:00:00+00:00, run_after=2024-11-20 23:00:00+00:00
[2024-11-20T15:49:07.548+0000] {processor.py:208} INFO - Processing /opt/airflow/dags/welcome_dags.py took 0.050 seconds
[2024-11-20T15:49:37.825+0000] {processor.py:186} INFO - Started process (PID=108) to work on /opt/airflow/dags/welcome_dags.py
[2024-11-20T15:49:37.826+0000] {processor.py:914} INFO - Processing file /opt/airflow/dags/welcome_dags.py for tasks to queue
[2024-11-20T15:49:37.829+0000] {logging_mixin.py:190} INFO - [2024-11-20T15:49:37.828+0000] {dagbag.py:588} INFO - Filling up the DagBag from /opt/airflow/dags/welcome_dags.py
[2024-11-20T15:49:37.845+0000] {processor.py:925} INFO - DAG(s) 'welcome_dag' retrieved from /opt/airflow/dags/welcome_dags.py
[2024-11-20T15:49:37.862+0000] {logging_mixin.py:190} INFO - [2024-11-20T15:49:37.862+0000] {dag.py:3239} INFO - Sync 1 DAGs
[2024-11-20T15:49:37.873+0000] {logging_mixin.py:190} INFO - [2024-11-20T15:49:37.873+0000] {dag.py:4180} INFO - Setting next_dagrun for welcome_dag to 2024-11-19 23:00:00+00:00, run_after=2024-11-20 23:00:00+00:00
[2024-11-20T15:49:37.884+0000] {processor.py:208} INFO - Processing /opt/airflow/dags/welcome_dags.py took 0.066 seconds
[2024-11-20T15:50:08.135+0000] {processor.py:186} INFO - Started process (PID=109) to work on /opt/airflow/dags/welcome_dags.py
[2024-11-20T15:50:08.136+0000] {processor.py:914} INFO - Processing file /opt/airflow/dags/welcome_dags.py for tasks to queue
[2024-11-20T15:50:08.138+0000] {logging_mixin.py:190} INFO - [2024-11-20T15:50:08.138+0000] {dagbag.py:588} INFO - Filling up the DagBag from /opt/airflow/dags/welcome_dags.py
[2024-11-20T15:50:08.148+0000] {processor.py:925} INFO - DAG(s) 'welcome_dag' retrieved from /opt/airflow/dags/welcome_dags.py
[2024-11-20T15:50:08.162+0000] {logging_mixin.py:190} INFO - [2024-11-20T15:50:08.161+0000] {dag.py:3239} INFO - Sync 1 DAGs
[2024-11-20T15:50:08.171+0000] {logging_mixin.py:190} INFO - [2024-11-20T15:50:08.171+0000] {dag.py:4180} INFO - Setting next_dagrun for welcome_dag to 2024-11-19 23:00:00+00:00, run_after=2024-11-20 23:00:00+00:00
[2024-11-20T15:50:08.181+0000] {processor.py:208} INFO - Processing /opt/airflow/dags/welcome_dags.py took 0.053 seconds
[2024-11-20T15:50:38.502+0000] {processor.py:186} INFO - Started process (PID=110) to work on /opt/airflow/dags/welcome_dags.py
[2024-11-20T15:50:38.502+0000] {processor.py:914} INFO - Processing file /opt/airflow/dags/welcome_dags.py for tasks to queue
[2024-11-20T15:50:38.505+0000] {logging_mixin.py:190} INFO - [2024-11-20T15:50:38.504+0000] {dagbag.py:588} INFO - Filling up the DagBag from /opt/airflow/dags/welcome_dags.py
[2024-11-20T15:50:38.514+0000] {processor.py:925} INFO - DAG(s) 'welcome_dag' retrieved from /opt/airflow/dags/welcome_dags.py
[2024-11-20T15:50:38.529+0000] {logging_mixin.py:190} INFO - [2024-11-20T15:50:38.528+0000] {dag.py:3239} INFO - Sync 1 DAGs
[2024-11-20T15:50:38.543+0000] {logging_mixin.py:190} INFO - [2024-11-20T15:50:38.542+0000] {dag.py:4180} INFO - Setting next_dagrun for welcome_dag to 2024-11-19 23:00:00+00:00, run_after=2024-11-20 23:00:00+00:00
[2024-11-20T15:50:38.556+0000] {processor.py:208} INFO - Processing /opt/airflow/dags/welcome_dags.py took 0.058 seconds
[2024-11-20T15:51:08.868+0000] {processor.py:186} INFO - Started process (PID=111) to work on /opt/airflow/dags/welcome_dags.py
[2024-11-20T15:51:08.869+0000] {processor.py:914} INFO - Processing file /opt/airflow/dags/welcome_dags.py for tasks to queue
[2024-11-20T15:51:08.870+0000] {logging_mixin.py:190} INFO - [2024-11-20T15:51:08.870+0000] {dagbag.py:588} INFO - Filling up the DagBag from /opt/airflow/dags/welcome_dags.py
[2024-11-20T15:51:08.879+0000] {processor.py:925} INFO - DAG(s) 'welcome_dag' retrieved from /opt/airflow/dags/welcome_dags.py
[2024-11-20T15:51:08.893+0000] {logging_mixin.py:190} INFO - [2024-11-20T15:51:08.893+0000] {dag.py:3239} INFO - Sync 1 DAGs
[2024-11-20T15:51:08.902+0000] {logging_mixin.py:190} INFO - [2024-11-20T15:51:08.902+0000] {dag.py:4180} INFO - Setting next_dagrun for welcome_dag to 2024-11-19 23:00:00+00:00, run_after=2024-11-20 23:00:00+00:00
[2024-11-20T15:51:08.912+0000] {processor.py:208} INFO - Processing /opt/airflow/dags/welcome_dags.py took 0.051 seconds
[2024-11-20T15:51:39.207+0000] {processor.py:186} INFO - Started process (PID=154) to work on /opt/airflow/dags/welcome_dags.py
[2024-11-20T15:51:39.207+0000] {processor.py:914} INFO - Processing file /opt/airflow/dags/welcome_dags.py for tasks to queue
[2024-11-20T15:51:39.210+0000] {logging_mixin.py:190} INFO - [2024-11-20T15:51:39.210+0000] {dagbag.py:588} INFO - Filling up the DagBag from /opt/airflow/dags/welcome_dags.py
[2024-11-20T15:51:39.223+0000] {processor.py:925} INFO - DAG(s) 'welcome_dag' retrieved from /opt/airflow/dags/welcome_dags.py
[2024-11-20T15:51:39.238+0000] {logging_mixin.py:190} INFO - [2024-11-20T15:51:39.238+0000] {dag.py:3239} INFO - Sync 1 DAGs
[2024-11-20T15:51:39.247+0000] {logging_mixin.py:190} INFO - [2024-11-20T15:51:39.247+0000] {dag.py:4180} INFO - Setting next_dagrun for welcome_dag to 2024-11-19 23:00:00+00:00, run_after=2024-11-20 23:00:00+00:00
[2024-11-20T15:51:39.258+0000] {processor.py:208} INFO - Processing /opt/airflow/dags/welcome_dags.py took 0.057 seconds
[2024-11-20T15:52:09.461+0000] {processor.py:186} INFO - Started process (PID=155) to work on /opt/airflow/dags/welcome_dags.py
[2024-11-20T15:52:09.462+0000] {processor.py:914} INFO - Processing file /opt/airflow/dags/welcome_dags.py for tasks to queue
[2024-11-20T15:52:09.465+0000] {logging_mixin.py:190} INFO - [2024-11-20T15:52:09.464+0000] {dagbag.py:588} INFO - Filling up the DagBag from /opt/airflow/dags/welcome_dags.py
[2024-11-20T15:52:09.475+0000] {processor.py:925} INFO - DAG(s) 'welcome_dag' retrieved from /opt/airflow/dags/welcome_dags.py
[2024-11-20T15:52:09.487+0000] {logging_mixin.py:190} INFO - [2024-11-20T15:52:09.487+0000] {dag.py:3239} INFO - Sync 1 DAGs
[2024-11-20T15:52:09.497+0000] {logging_mixin.py:190} INFO - [2024-11-20T15:52:09.497+0000] {dag.py:4180} INFO - Setting next_dagrun for welcome_dag to 2024-11-19 23:00:00+00:00, run_after=2024-11-20 23:00:00+00:00
[2024-11-20T15:52:09.506+0000] {processor.py:208} INFO - Processing /opt/airflow/dags/welcome_dags.py took 0.051 seconds
[2024-11-20T15:52:39.709+0000] {processor.py:186} INFO - Started process (PID=156) to work on /opt/airflow/dags/welcome_dags.py
[2024-11-20T15:52:39.709+0000] {processor.py:914} INFO - Processing file /opt/airflow/dags/welcome_dags.py for tasks to queue
[2024-11-20T15:52:39.711+0000] {logging_mixin.py:190} INFO - [2024-11-20T15:52:39.711+0000] {dagbag.py:588} INFO - Filling up the DagBag from /opt/airflow/dags/welcome_dags.py
[2024-11-20T15:52:39.720+0000] {processor.py:925} INFO - DAG(s) 'welcome_dag' retrieved from /opt/airflow/dags/welcome_dags.py
[2024-11-20T15:52:39.733+0000] {logging_mixin.py:190} INFO - [2024-11-20T15:52:39.733+0000] {dag.py:3239} INFO - Sync 1 DAGs
[2024-11-20T15:52:39.742+0000] {logging_mixin.py:190} INFO - [2024-11-20T15:52:39.742+0000] {dag.py:4180} INFO - Setting next_dagrun for welcome_dag to 2024-11-19 23:00:00+00:00, run_after=2024-11-20 23:00:00+00:00
[2024-11-20T15:52:39.751+0000] {processor.py:208} INFO - Processing /opt/airflow/dags/welcome_dags.py took 0.048 seconds
[2024-11-20T15:53:09.941+0000] {processor.py:186} INFO - Started process (PID=157) to work on /opt/airflow/dags/welcome_dags.py
[2024-11-20T15:53:09.942+0000] {processor.py:914} INFO - Processing file /opt/airflow/dags/welcome_dags.py for tasks to queue
[2024-11-20T15:53:09.943+0000] {logging_mixin.py:190} INFO - [2024-11-20T15:53:09.943+0000] {dagbag.py:588} INFO - Filling up the DagBag from /opt/airflow/dags/welcome_dags.py
[2024-11-20T15:53:09.953+0000] {processor.py:925} INFO - DAG(s) 'welcome_dag' retrieved from /opt/airflow/dags/welcome_dags.py
[2024-11-20T15:53:09.966+0000] {logging_mixin.py:190} INFO - [2024-11-20T15:53:09.966+0000] {dag.py:3239} INFO - Sync 1 DAGs
[2024-11-20T15:53:09.977+0000] {logging_mixin.py:190} INFO - [2024-11-20T15:53:09.976+0000] {dag.py:4180} INFO - Setting next_dagrun for welcome_dag to 2024-11-19 23:00:00+00:00, run_after=2024-11-20 23:00:00+00:00
[2024-11-20T15:53:09.987+0000] {processor.py:208} INFO - Processing /opt/airflow/dags/welcome_dags.py took 0.053 seconds
[2024-11-20T15:53:40.202+0000] {processor.py:186} INFO - Started process (PID=158) to work on /opt/airflow/dags/welcome_dags.py
[2024-11-20T15:53:40.203+0000] {processor.py:914} INFO - Processing file /opt/airflow/dags/welcome_dags.py for tasks to queue
[2024-11-20T15:53:40.205+0000] {logging_mixin.py:190} INFO - [2024-11-20T15:53:40.205+0000] {dagbag.py:588} INFO - Filling up the DagBag from /opt/airflow/dags/welcome_dags.py
[2024-11-20T15:53:40.216+0000] {processor.py:925} INFO - DAG(s) 'welcome_dag' retrieved from /opt/airflow/dags/welcome_dags.py
[2024-11-20T15:53:40.230+0000] {logging_mixin.py:190} INFO - [2024-11-20T15:53:40.230+0000] {dag.py:3239} INFO - Sync 1 DAGs
[2024-11-20T15:53:40.241+0000] {logging_mixin.py:190} INFO - [2024-11-20T15:53:40.240+0000] {dag.py:4180} INFO - Setting next_dagrun for welcome_dag to 2024-11-19 23:00:00+00:00, run_after=2024-11-20 23:00:00+00:00
[2024-11-20T15:53:40.251+0000] {processor.py:208} INFO - Processing /opt/airflow/dags/welcome_dags.py took 0.057 seconds
[2024-11-20T15:54:10.449+0000] {processor.py:186} INFO - Started process (PID=159) to work on /opt/airflow/dags/welcome_dags.py
[2024-11-20T15:54:10.450+0000] {processor.py:914} INFO - Processing file /opt/airflow/dags/welcome_dags.py for tasks to queue
[2024-11-20T15:54:10.453+0000] {logging_mixin.py:190} INFO - [2024-11-20T15:54:10.453+0000] {dagbag.py:588} INFO - Filling up the DagBag from /opt/airflow/dags/welcome_dags.py
[2024-11-20T15:54:10.463+0000] {processor.py:925} INFO - DAG(s) 'welcome_dag' retrieved from /opt/airflow/dags/welcome_dags.py
[2024-11-20T15:54:10.475+0000] {logging_mixin.py:190} INFO - [2024-11-20T15:54:10.475+0000] {dag.py:3239} INFO - Sync 1 DAGs
[2024-11-20T15:54:10.485+0000] {logging_mixin.py:190} INFO - [2024-11-20T15:54:10.485+0000] {dag.py:4180} INFO - Setting next_dagrun for welcome_dag to 2024-11-19 23:00:00+00:00, run_after=2024-11-20 23:00:00+00:00
[2024-11-20T15:54:10.495+0000] {processor.py:208} INFO - Processing /opt/airflow/dags/welcome_dags.py took 0.054 seconds
[2024-11-20T15:54:40.707+0000] {processor.py:186} INFO - Started process (PID=160) to work on /opt/airflow/dags/welcome_dags.py
[2024-11-20T15:54:40.708+0000] {processor.py:914} INFO - Processing file /opt/airflow/dags/welcome_dags.py for tasks to queue
[2024-11-20T15:54:40.710+0000] {logging_mixin.py:190} INFO - [2024-11-20T15:54:40.710+0000] {dagbag.py:588} INFO - Filling up the DagBag from /opt/airflow/dags/welcome_dags.py
[2024-11-20T15:54:40.720+0000] {processor.py:925} INFO - DAG(s) 'welcome_dag' retrieved from /opt/airflow/dags/welcome_dags.py
[2024-11-20T15:54:40.734+0000] {logging_mixin.py:190} INFO - [2024-11-20T15:54:40.734+0000] {dag.py:3239} INFO - Sync 1 DAGs
[2024-11-20T15:54:40.743+0000] {logging_mixin.py:190} INFO - [2024-11-20T15:54:40.743+0000] {dag.py:4180} INFO - Setting next_dagrun for welcome_dag to 2024-11-19 23:00:00+00:00, run_after=2024-11-20 23:00:00+00:00
[2024-11-20T15:54:40.753+0000] {processor.py:208} INFO - Processing /opt/airflow/dags/welcome_dags.py took 0.054 seconds
[2024-11-20T15:55:10.950+0000] {processor.py:186} INFO - Started process (PID=161) to work on /opt/airflow/dags/welcome_dags.py
[2024-11-20T15:55:10.950+0000] {processor.py:914} INFO - Processing file /opt/airflow/dags/welcome_dags.py for tasks to queue
[2024-11-20T15:55:10.953+0000] {logging_mixin.py:190} INFO - [2024-11-20T15:55:10.953+0000] {dagbag.py:588} INFO - Filling up the DagBag from /opt/airflow/dags/welcome_dags.py
[2024-11-20T15:55:10.963+0000] {processor.py:925} INFO - DAG(s) 'welcome_dag' retrieved from /opt/airflow/dags/welcome_dags.py
[2024-11-20T15:55:10.980+0000] {logging_mixin.py:190} INFO - [2024-11-20T15:55:10.980+0000] {dag.py:3239} INFO - Sync 1 DAGs
[2024-11-20T15:55:10.990+0000] {logging_mixin.py:190} INFO - [2024-11-20T15:55:10.990+0000] {dag.py:4180} INFO - Setting next_dagrun for welcome_dag to 2024-11-19 23:00:00+00:00, run_after=2024-11-20 23:00:00+00:00
[2024-11-20T15:55:10.999+0000] {processor.py:208} INFO - Processing /opt/airflow/dags/welcome_dags.py took 0.055 seconds
[2024-11-20T15:55:41.096+0000] {processor.py:186} INFO - Started process (PID=162) to work on /opt/airflow/dags/welcome_dags.py
[2024-11-20T15:55:41.097+0000] {processor.py:914} INFO - Processing file /opt/airflow/dags/welcome_dags.py for tasks to queue
[2024-11-20T15:55:41.100+0000] {logging_mixin.py:190} INFO - [2024-11-20T15:55:41.100+0000] {dagbag.py:588} INFO - Filling up the DagBag from /opt/airflow/dags/welcome_dags.py
[2024-11-20T15:55:41.112+0000] {processor.py:925} INFO - DAG(s) 'welcome_dag' retrieved from /opt/airflow/dags/welcome_dags.py
[2024-11-20T15:55:41.127+0000] {logging_mixin.py:190} INFO - [2024-11-20T15:55:41.127+0000] {dag.py:3239} INFO - Sync 1 DAGs
[2024-11-20T15:55:41.138+0000] {logging_mixin.py:190} INFO - [2024-11-20T15:55:41.138+0000] {dag.py:4180} INFO - Setting next_dagrun for welcome_dag to 2024-11-19 23:00:00+00:00, run_after=2024-11-20 23:00:00+00:00
[2024-11-20T15:55:41.150+0000] {processor.py:208} INFO - Processing /opt/airflow/dags/welcome_dags.py took 0.061 seconds
[2024-11-20T15:55:58.191+0000] {processor.py:186} INFO - Started process (PID=163) to work on /opt/airflow/dags/welcome_dags.py
[2024-11-20T15:55:58.192+0000] {processor.py:914} INFO - Processing file /opt/airflow/dags/welcome_dags.py for tasks to queue
[2024-11-20T15:55:58.196+0000] {logging_mixin.py:190} INFO - [2024-11-20T15:55:58.196+0000] {dagbag.py:588} INFO - Filling up the DagBag from /opt/airflow/dags/welcome_dags.py
[2024-11-20T15:55:58.209+0000] {processor.py:925} INFO - DAG(s) 'welcome_dag' retrieved from /opt/airflow/dags/welcome_dags.py
[2024-11-20T15:55:58.223+0000] {logging_mixin.py:190} INFO - [2024-11-20T15:55:58.223+0000] {dag.py:3239} INFO - Sync 1 DAGs
[2024-11-20T15:55:58.235+0000] {logging_mixin.py:190} INFO - [2024-11-20T15:55:58.235+0000] {dag.py:4180} INFO - Setting next_dagrun for welcome_dag to 2024-11-19 23:00:00+00:00, run_after=2024-11-20 23:00:00+00:00
[2024-11-20T15:55:58.262+0000] {processor.py:208} INFO - Processing /opt/airflow/dags/welcome_dags.py took 0.075 seconds
[2024-11-20T15:56:28.493+0000] {processor.py:186} INFO - Started process (PID=164) to work on /opt/airflow/dags/welcome_dags.py
[2024-11-20T15:56:28.494+0000] {processor.py:914} INFO - Processing file /opt/airflow/dags/welcome_dags.py for tasks to queue
[2024-11-20T15:56:28.496+0000] {logging_mixin.py:190} INFO - [2024-11-20T15:56:28.496+0000] {dagbag.py:588} INFO - Filling up the DagBag from /opt/airflow/dags/welcome_dags.py
[2024-11-20T15:56:28.508+0000] {processor.py:925} INFO - DAG(s) 'welcome_dag' retrieved from /opt/airflow/dags/welcome_dags.py
[2024-11-20T15:56:28.522+0000] {logging_mixin.py:190} INFO - [2024-11-20T15:56:28.522+0000] {dag.py:3239} INFO - Sync 1 DAGs
[2024-11-20T15:56:28.532+0000] {logging_mixin.py:190} INFO - [2024-11-20T15:56:28.532+0000] {dag.py:4180} INFO - Setting next_dagrun for welcome_dag to 2024-11-19 23:00:00+00:00, run_after=2024-11-20 23:00:00+00:00
[2024-11-20T15:56:28.542+0000] {processor.py:208} INFO - Processing /opt/airflow/dags/welcome_dags.py took 0.054 seconds
[2024-11-20T15:56:58.800+0000] {processor.py:186} INFO - Started process (PID=165) to work on /opt/airflow/dags/welcome_dags.py
[2024-11-20T15:56:58.801+0000] {processor.py:914} INFO - Processing file /opt/airflow/dags/welcome_dags.py for tasks to queue
[2024-11-20T15:56:58.805+0000] {logging_mixin.py:190} INFO - [2024-11-20T15:56:58.805+0000] {dagbag.py:588} INFO - Filling up the DagBag from /opt/airflow/dags/welcome_dags.py
[2024-11-20T15:56:58.825+0000] {processor.py:925} INFO - DAG(s) 'welcome_dag' retrieved from /opt/airflow/dags/welcome_dags.py
[2024-11-20T15:56:58.840+0000] {logging_mixin.py:190} INFO - [2024-11-20T15:56:58.840+0000] {dag.py:3239} INFO - Sync 1 DAGs
[2024-11-20T15:56:58.851+0000] {logging_mixin.py:190} INFO - [2024-11-20T15:56:58.851+0000] {dag.py:4180} INFO - Setting next_dagrun for welcome_dag to 2024-11-19 23:00:00+00:00, run_after=2024-11-20 23:00:00+00:00
[2024-11-20T15:56:58.862+0000] {processor.py:208} INFO - Processing /opt/airflow/dags/welcome_dags.py took 0.068 seconds
[2024-11-20T15:57:29.148+0000] {processor.py:186} INFO - Started process (PID=166) to work on /opt/airflow/dags/welcome_dags.py
[2024-11-20T15:57:29.149+0000] {processor.py:914} INFO - Processing file /opt/airflow/dags/welcome_dags.py for tasks to queue
[2024-11-20T15:57:29.151+0000] {logging_mixin.py:190} INFO - [2024-11-20T15:57:29.150+0000] {dagbag.py:588} INFO - Filling up the DagBag from /opt/airflow/dags/welcome_dags.py
[2024-11-20T15:57:29.161+0000] {processor.py:925} INFO - DAG(s) 'welcome_dag' retrieved from /opt/airflow/dags/welcome_dags.py
[2024-11-20T15:57:29.175+0000] {logging_mixin.py:190} INFO - [2024-11-20T15:57:29.175+0000] {dag.py:3239} INFO - Sync 1 DAGs
[2024-11-20T15:57:29.185+0000] {logging_mixin.py:190} INFO - [2024-11-20T15:57:29.185+0000] {dag.py:4180} INFO - Setting next_dagrun for welcome_dag to 2024-11-19 23:00:00+00:00, run_after=2024-11-20 23:00:00+00:00
[2024-11-20T15:57:29.196+0000] {processor.py:208} INFO - Processing /opt/airflow/dags/welcome_dags.py took 0.055 seconds
